<?xml version="1.0" encoding="utf-8"?><testsuites name="pytest tests"><testsuite name="pytest" errors="0" failures="0" skipped="0" tests="20" time="2.533" timestamp="2026-02-12T10:12:47.365392+00:00" hostname="agent-env-c23d8b9a-ddcc-4cf8-b115-d8e9c72bcba8"><testcase classname="backend.tests.test_admin_dashboard_features.TestAdminAuth" name="test_admin_login" time="0.295" /><testcase classname="backend.tests.test_admin_dashboard_features.TestDashboardCharts" name="test_charts_endpoint_default_period" time="0.303" /><testcase classname="backend.tests.test_admin_dashboard_features.TestDashboardCharts" name="test_charts_revenue_data_structure" time="0.043" /><testcase classname="backend.tests.test_admin_dashboard_features.TestDashboardCharts" name="test_charts_users_data_structure" time="0.039" /><testcase classname="backend.tests.test_admin_dashboard_features.TestDashboardCharts" name="test_charts_products_data_structure" time="0.042" /><testcase classname="backend.tests.test_admin_dashboard_features.TestDashboardCharts" name="test_charts_period_7_days" time="0.040" /><testcase classname="backend.tests.test_admin_dashboard_features.TestAnalyticsOverview" name="test_analytics_overview_endpoint" time="0.305" /><testcase classname="backend.tests.test_admin_dashboard_features.TestAnalyticsOverview" name="test_analytics_users_structure" time="0.045" /><testcase classname="backend.tests.test_admin_dashboard_features.TestAnalyticsOverview" name="test_analytics_experts_structure" time="0.041" /><testcase classname="backend.tests.test_admin_dashboard_features.TestAnalyticsOverview" name="test_analytics_jobs_structure" time="0.038" /><testcase classname="backend.tests.test_admin_dashboard_features.TestAnalyticsOverview" name="test_analytics_leads_structure" time="0.041" /><testcase classname="backend.tests.test_admin_dashboard_features.TestAuditLogs" name="test_audit_logs_endpoint" time="0.299" /><testcase classname="backend.tests.test_admin_dashboard_features.TestAuditLogs" name="test_audit_logs_with_filters" time="0.113" /><testcase classname="backend.tests.test_admin_dashboard_features.TestNotifications" name="test_notifications_status_endpoint" time="0.290" /><testcase classname="backend.tests.test_admin_dashboard_features.TestNotifications" name="test_notifications_test_endpoint" time="0.035" /><testcase classname="backend.tests.test_admin_dashboard_features.TestDashboardStats" name="test_dashboard_stats_endpoint" time="0.293" /><testcase classname="backend.tests.test_admin_dashboard_features.TestUnauthorizedAccess" name="test_charts_requires_auth" time="0.032" /><testcase classname="backend.tests.test_admin_dashboard_features.TestUnauthorizedAccess" name="test_analytics_requires_auth" time="0.037" /><testcase classname="backend.tests.test_admin_dashboard_features.TestUnauthorizedAccess" name="test_audit_logs_requires_auth" time="0.037" /><testcase classname="backend.tests.test_admin_dashboard_features.TestUnauthorizedAccess" name="test_notifications_status_requires_auth" time="0.036" /></testsuite></testsuites>