<?xml version="1.0" encoding="utf-8"?><testsuites name="pytest tests"><testsuite name="pytest" errors="0" failures="0" skipped="0" tests="14" time="3.620" timestamp="2026-02-08T16:43:23.248462+00:00" hostname="agent-env-1bc7ea6d-7c2f-4f48-ae39-5d32c351292f"><testcase classname="backend.tests.test_admin_experts.TestAdminAuth" name="test_admin_login_success" time="0.316" /><testcase classname="backend.tests.test_admin_experts.TestAdminAuth" name="test_admin_login_invalid_credentials" time="0.043" /><testcase classname="backend.tests.test_admin_experts.TestAdminAuth" name="test_get_current_user" time="0.306" /><testcase classname="backend.tests.test_admin_experts.TestAdminExpertAPIs" name="test_get_experts_list" time="0.310" /><testcase classname="backend.tests.test_admin_experts.TestAdminExpertAPIs" name="test_get_experts_with_filters" time="0.373" /><testcase classname="backend.tests.test_admin_experts.TestAdminExpertAPIs" name="test_get_experts_stats_summary" time="0.302" /><testcase classname="backend.tests.test_admin_experts.TestAdminExpertAPIs" name="test_get_single_expert" time="0.337" /><testcase classname="backend.tests.test_admin_experts.TestAdminExpertAPIs" name="test_get_nonexistent_expert" time="0.294" /><testcase classname="backend.tests.test_admin_experts.TestExpertStatusUpdates" name="test_update_expert_status" time="0.412" /><testcase classname="backend.tests.test_admin_experts.TestExpertStatusUpdates" name="test_update_expert_invalid_status" time="0.324" /><testcase classname="backend.tests.test_admin_experts.TestExpertOptions" name="test_get_expert_options" time="0.032" /><testcase classname="backend.tests.test_admin_experts.TestExpertRegistration" name="test_register_expert" time="0.336" /><testcase classname="backend.tests.test_admin_experts.TestProtectedEndpoints" name="test_experts_list_requires_auth" time="0.076" /><testcase classname="backend.tests.test_admin_experts.TestProtectedEndpoints" name="test_experts_stats_requires_auth" time="0.040" /></testsuite></testsuites>