<?xml version="1.0" encoding="utf-8"?><testsuites name="pytest tests"><testsuite name="pytest" errors="0" failures="0" skipped="0" tests="17" time="4.088" timestamp="2026-02-16T00:14:07.572246+00:00" hostname="agent-env-930bd7ee-2673-4d6d-a200-49bed2ff0ef8"><testcase classname="tests.test_affiliate_api.TestAffiliateProgramInfo" name="test_program_info_returns_200" time="0.273" /><testcase classname="tests.test_affiliate_api.TestAffiliateProgramInfo" name="test_program_info_commission_rate" time="0.311" /><testcase classname="tests.test_affiliate_api.TestAffiliateProgramInfo" name="test_program_info_duration_months" time="0.374" /><testcase classname="tests.test_affiliate_api.TestAffiliateProgramInfo" name="test_program_info_has_tiers" time="0.213" /><testcase classname="tests.test_affiliate_api.TestAffiliateProgramInfo" name="test_program_info_tier_commission_rates" time="0.140" /><testcase classname="tests.test_affiliate_api.TestAffiliateProgramInfo" name="test_program_info_payment_methods" time="0.122" /><testcase classname="tests.test_affiliate_api.TestAffiliateProgramInfo" name="test_program_info_highlights" time="0.248" /><testcase classname="tests.test_affiliate_api.TestAffiliateProgramInfo" name="test_program_info_products" time="0.205" /><testcase classname="tests.test_affiliate_api.TestAffiliateApplication" name="test_apply_with_basic_info" time="0.137" /><testcase classname="tests.test_affiliate_api.TestAffiliateApplication" name="test_apply_with_bank_transfer_payment" time="0.390" /><testcase classname="tests.test_affiliate_api.TestAffiliateApplication" name="test_apply_with_paypal_payment" time="0.281" /><testcase classname="tests.test_affiliate_api.TestAffiliateApplication" name="test_apply_with_mpesa_payment" time="0.188" /><testcase classname="tests.test_affiliate_api.TestAffiliateApplication" name="test_apply_with_crypto_payment" time="0.379" /><testcase classname="tests.test_affiliate_api.TestAffiliateApplication" name="test_apply_without_terms_agreement" time="0.173" /><testcase classname="tests.test_affiliate_api.TestAffiliateApplication" name="test_apply_duplicate_email_rejected" time="0.252" /><testcase classname="tests.test_affiliate_api.TestAffiliateApplication" name="test_apply_with_complete_info" time="0.150" /><testcase classname="tests.test_affiliate_api.TestAffiliateTrackClick" name="test_track_invalid_code_returns_404" time="0.128" /></testsuite></testsuites>