<?xml version="1.0" encoding="utf-8"?><testsuites name="pytest tests"><testsuite name="pytest" errors="0" failures="0" skipped="0" tests="16" time="9.016" timestamp="2026-02-16T14:58:12.386677+00:00" hostname="agent-env-c102e3c5-01fc-4eb6-aa77-f713fddd13a8"><testcase classname="backend.tests.test_affiliate_analytics.TestAffiliateAnalytics" name="test_my_profile_returns_affiliate_data" time="0.796" /><testcase classname="backend.tests.test_affiliate_analytics.TestAffiliateAnalytics" name="test_analytics_default_30_days" time="0.648" /><testcase classname="backend.tests.test_affiliate_analytics.TestAffiliateAnalytics" name="test_analytics_with_7_day_period" time="0.522" /><testcase classname="backend.tests.test_affiliate_analytics.TestAffiliateAnalytics" name="test_analytics_with_14_day_period" time="0.538" /><testcase classname="backend.tests.test_affiliate_analytics.TestAffiliateAnalytics" name="test_analytics_with_60_day_period" time="0.593" /><testcase classname="backend.tests.test_affiliate_analytics.TestAffiliateAnalytics" name="test_analytics_with_90_day_period" time="0.514" /><testcase classname="backend.tests.test_affiliate_analytics.TestAffiliateAnalytics" name="test_analytics_daily_clicks_structure" time="0.518" /><testcase classname="backend.tests.test_affiliate_analytics.TestAffiliateAnalytics" name="test_analytics_top_sources" time="0.502" /><testcase classname="backend.tests.test_affiliate_analytics.TestAffiliateAnalytics" name="test_analytics_geo_breakdown" time="0.609" /><testcase classname="backend.tests.test_affiliate_analytics.TestAffiliateAnalytics" name="test_analytics_insights" time="0.485" /><testcase classname="backend.tests.test_affiliate_analytics.TestAffiliateAnalytics" name="test_analytics_unauthorized_without_token" time="0.499" /><testcase classname="backend.tests.test_affiliate_analytics.TestAffiliateAnalytics" name="test_analytics_invalid_period_too_low" time="0.498" /><testcase classname="backend.tests.test_affiliate_analytics.TestAffiliateAnalytics" name="test_analytics_invalid_period_too_high" time="0.496" /><testcase classname="backend.tests.test_affiliate_analytics.TestAffiliateOverviewTab" name="test_my_referrals_endpoint" time="0.528" /><testcase classname="backend.tests.test_affiliate_analytics.TestAffiliateOverviewTab" name="test_my_commissions_endpoint" time="0.592" /><testcase classname="backend.tests.test_affiliate_analytics.TestAffiliateOverviewTab" name="test_my_payouts_endpoint" time="0.557" /></testsuite></testsuites>