<?xml version="1.0" encoding="utf-8"?><testsuites name="pytest tests"><testsuite name="pytest" errors="0" failures="0" skipped="0" tests="12" time="1.983" timestamp="2026-02-10T18:02:47.296933+00:00" hostname="agent-env-f16e7ac3-6e8f-4ec7-a950-de9c58955bc4"><testcase classname="backend.tests.test_auth_sso.TestDataVisionAuth" name="test_api_health" time="0.086" /><testcase classname="backend.tests.test_auth_sso.TestDataVisionAuth" name="test_admin_login" time="0.236" /><testcase classname="backend.tests.test_auth_sso.TestDataVisionAuth" name="test_user_registration" time="0.235" /><testcase classname="backend.tests.test_auth_sso.TestDataVisionAuth" name="test_duplicate_registration_fails" time="0.013" /><testcase classname="backend.tests.test_auth_sso.TestDataVisionAuth" name="test_user_login" time="0.276" /><testcase classname="backend.tests.test_auth_sso.TestDataVisionAuth" name="test_login_invalid_credentials" time="0.011" /><testcase classname="backend.tests.test_auth_sso.TestSSOFlows" name="test_sso_to_fieldforce" time="0.278" /><testcase classname="backend.tests.test_auth_sso.TestSSOFlows" name="test_sso_to_survey360" time="0.049" /><testcase classname="backend.tests.test_auth_sso.TestSSOFlows" name="test_sso_without_auth_fails" time="0.019" /><testcase classname="backend.tests.test_auth_sso.TestSSOFlows" name="test_sso_with_invalid_token_fails" time="0.051" /><testcase classname="backend.tests.test_auth_sso.TestSSOFlows" name="test_sso_updates_products_accessed" time="0.353" /><testcase classname="backend.tests.test_auth_sso.TestProfileUpdate" name="test_update_profile" time="0.270" /></testsuite></testsuites>