<?xml version="1.0" encoding="utf-8"?><testsuites name="pytest tests"><testsuite name="pytest" errors="0" failures="0" skipped="0" tests="8" time="1.632" timestamp="2026-02-11T16:32:14.927547+00:00" hostname="agent-env-651311c1-aeb3-4dbb-931d-e2e381d8d06b"><testcase classname="tests.test_datapulse_integration.TestDataPulseAuthEndpoints" name="test_datapulse_register_endpoint_exists" time="0.295" /><testcase classname="tests.test_datapulse_integration.TestDataPulseAuthEndpoints" name="test_datapulse_login_endpoint_exists" time="0.524" /><testcase classname="tests.test_datapulse_integration.TestDataPulseAuthEndpoints" name="test_datapulse_login_invalid_credentials" time="0.038" /><testcase classname="tests.test_datapulse_integration.TestDataPulseAuthEndpoints" name="test_datapulse_dashboard_stats_endpoint" time="0.312" /><testcase classname="tests.test_datapulse_integration.TestDataPulseAuthEndpoints" name="test_datapulse_auth_me_endpoint" time="0.298" /><testcase classname="tests.test_datapulse_integration.TestFieldForceDemoEndpoints" name="test_fieldforce_landing_accessible" time="0.041" /><testcase classname="tests.test_datapulse_integration.TestFieldForceDemoEndpoints" name="test_fieldforce_demo_accessible" time="0.035" /><testcase classname="tests.test_datapulse_integration.TestExistingProductPages" name="test_survey360_landing_accessible" time="0.035" /></testsuite></testsuites>