<?xml version="1.0" encoding="utf-8"?><testsuites name="pytest tests"><testsuite name="pytest" errors="0" failures="0" skipped="0" tests="11" time="2.773" timestamp="2026-02-09T17:06:22.292597+00:00" hostname="agent-env-67da6fc4-6069-4217-b5d0-836f5ba48fa1"><testcase classname="tests.test_fieldforce.TestFieldForceHealth" name="test_health_endpoint" time="0.115" /><testcase classname="tests.test_fieldforce.TestFieldForceAuth" name="test_login_success" time="0.271" /><testcase classname="tests.test_fieldforce.TestFieldForceAuth" name="test_login_invalid_credentials" time="0.043" /><testcase classname="tests.test_fieldforce.TestFieldForceAuth" name="test_get_current_user" time="0.313" /><testcase classname="tests.test_fieldforce.TestFieldForceAuth" name="test_auth_without_token" time="0.037" /><testcase classname="tests.test_fieldforce.TestFieldForceDashboard" name="test_dashboard_stats" time="0.307" /><testcase classname="tests.test_fieldforce.TestFieldForceProjects" name="test_get_projects" time="0.305" /><testcase classname="tests.test_fieldforce.TestFieldForceForms" name="test_get_forms" time="0.299" /><testcase classname="tests.test_fieldforce.TestFieldForceSubmissions" name="test_get_submissions" time="0.301" /><testcase classname="tests.test_fieldforce.TestFieldForceOrganizations" name="test_get_organizations" time="0.298" /><testcase classname="tests.test_fieldforce.TestFieldForceTeam" name="test_get_team_members" time="0.299" /></testsuite></testsuites>