<?xml version="1.0" encoding="utf-8"?><testsuites name="pytest tests"><testsuite name="pytest" errors="0" failures="0" skipped="0" tests="13" time="2.883" timestamp="2026-02-09T16:17:30.290212+00:00" hostname="agent-env-67da6fc4-6069-4217-b5d0-836f5ba48fa1"><testcase classname="backend.tests.test_fieldforce_api.TestFieldForceHealth" name="test_health_endpoint_returns_healthy" time="0.072" /><testcase classname="backend.tests.test_fieldforce_api.TestFieldForceAuth" name="test_login_with_valid_credentials" time="0.266" /><testcase classname="backend.tests.test_fieldforce_api.TestFieldForceAuth" name="test_login_with_invalid_credentials" time="0.264" /><testcase classname="backend.tests.test_fieldforce_api.TestFieldForceAuth" name="test_login_with_nonexistent_user" time="0.042" /><testcase classname="backend.tests.test_fieldforce_api.TestFieldForceAuth" name="test_register_new_user" time="0.266" /><testcase classname="backend.tests.test_fieldforce_api.TestFieldForceAuth" name="test_get_current_user" time="0.309" /><testcase classname="backend.tests.test_fieldforce_api.TestFieldForceAuth" name="test_me_endpoint_without_token" time="0.044" /><testcase classname="backend.tests.test_fieldforce_api.TestFieldForceDashboard" name="test_dashboard_stats" time="0.295" /><testcase classname="backend.tests.test_fieldforce_api.TestFieldForceDashboard" name="test_dashboard_stats_without_auth" time="0.038" /><testcase classname="backend.tests.test_fieldforce_api.TestFieldForceDashboard" name="test_recent_activity" time="0.307" /><testcase classname="backend.tests.test_fieldforce_api.TestFieldForceProjects" name="test_get_projects" time="0.304" /><testcase classname="backend.tests.test_fieldforce_api.TestFieldForceForms" name="test_get_forms" time="0.308" /><testcase classname="backend.tests.test_fieldforce_api.TestFieldForceSubmissions" name="test_get_submissions" time="0.309" /></testsuite></testsuites>