<?xml version="1.0" encoding="utf-8"?><testsuites name="pytest tests"><testsuite name="pytest" errors="0" failures="2" skipped="0" tests="19" time="1.902" timestamp="2026-02-09T18:13:59.543189+00:00" hostname="agent-env-a38a5c1a-283b-42a3-8607-b4b6cd78a9da"><testcase classname="backend.tests.test_fieldforce_complete.TestFieldForceHealth" name="test_health_endpoint" time="0.089" /><testcase classname="backend.tests.test_fieldforce_complete.TestFieldForceAuth" name="test_login_success" time="0.297" /><testcase classname="backend.tests.test_fieldforce_complete.TestFieldForceAuth" name="test_login_invalid_credentials" time="0.053" /><testcase classname="backend.tests.test_fieldforce_complete.TestFieldForceAuth" name="test_get_current_user" time="0.340" /><testcase classname="backend.tests.test_fieldforce_complete.TestFieldForceAuth" name="test_auth_without_token" time="0.038" /><testcase classname="backend.tests.test_fieldforce_complete.TestFieldForceAuth" name="test_register_new_user" time="0.271" /><testcase classname="backend.tests.test_fieldforce_complete.TestFieldForceOrganizations" name="test_get_organizations" time="0.080" /><testcase classname="backend.tests.test_fieldforce_complete.TestFieldForceOrganizations" name="test_create_organization" time="0.042"><failure message="assert 422 == 200&#10; +  where 422 = &lt;Response [422]&gt;.status_code">backend/tests/test_fieldforce_complete.py:141: in test_create_organization
    assert response.status_code == 200
E   assert 422 == 200
E    +  where 422 = &lt;Response [422]&gt;.status_code</failure></testcase><testcase classname="backend.tests.test_fieldforce_complete.TestFieldForceDashboard" name="test_dashboard_stats" time="0.051" /><testcase classname="backend.tests.test_fieldforce_complete.TestFieldForceDashboard" name="test_submission_trends" time="0.043" /><testcase classname="backend.tests.test_fieldforce_complete.TestFieldForceDashboard" name="test_quality_metrics" time="0.039" /><testcase classname="backend.tests.test_fieldforce_complete.TestFieldForceDashboard" name="test_recent_activity" time="0.037" /><testcase classname="backend.tests.test_fieldforce_complete.TestFieldForceProjects" name="test_get_projects" time="0.083" /><testcase classname="backend.tests.test_fieldforce_complete.TestFieldForceProjects" name="test_create_project" time="0.050" /><testcase classname="backend.tests.test_fieldforce_complete.TestFieldForceProjects" name="test_get_project_by_id" time="0.081" /><testcase classname="backend.tests.test_fieldforce_complete.TestFieldForceForms" name="test_get_forms_by_org" time="0.043" /><testcase classname="backend.tests.test_fieldforce_complete.TestFieldForceForms" name="test_create_form" time="0.083" /><testcase classname="backend.tests.test_fieldforce_complete.TestFieldForceSubmissions" name="test_get_submissions_by_org" time="0.038"><failure message="assert 422 == 200&#10; +  where 422 = &lt;Response [422]&gt;.status_code">backend/tests/test_fieldforce_complete.py:321: in test_get_submissions_by_org
    assert response.status_code == 200
E   assert 422 == 200
E    +  where 422 = &lt;Response [422]&gt;.status_code</failure></testcase><testcase classname="backend.tests.test_fieldforce_complete.TestFieldForceTeam" name="test_get_org_members" time="0.043" /></testsuite></testsuites>