<?xml version="1.0" encoding="utf-8"?><testsuites name="pytest tests"><testsuite name="pytest" errors="0" failures="0" skipped="0" tests="19" time="7.039" timestamp="2026-02-17T07:22:53.234529+00:00" hostname="agent-env-84717a39-7a96-4f3b-93ed-df2964beeffd"><testcase classname="backend.tests.test_gamification_leaderboard.TestPublicLeaderboard" name="test_leaderboard_default_all_time" time="0.186" /><testcase classname="backend.tests.test_gamification_leaderboard.TestPublicLeaderboard" name="test_leaderboard_weekly_period" time="0.233" /><testcase classname="backend.tests.test_gamification_leaderboard.TestPublicLeaderboard" name="test_leaderboard_monthly_period" time="0.116" /><testcase classname="backend.tests.test_gamification_leaderboard.TestPublicLeaderboard" name="test_leaderboard_entry_structure" time="0.218" /><testcase classname="backend.tests.test_gamification_leaderboard.TestPublicLeaderboard" name="test_leaderboard_limit_parameter" time="0.195" /><testcase classname="backend.tests.test_gamification_leaderboard.TestMyPosition" name="test_my_position_requires_auth" time="0.141" /><testcase classname="backend.tests.test_gamification_leaderboard.TestMyPosition" name="test_my_position_response_structure" time="0.472" /><testcase classname="backend.tests.test_gamification_leaderboard.TestMyPosition" name="test_my_position_neighbors" time="0.503" /><testcase classname="backend.tests.test_gamification_leaderboard.TestBadgeSharing" name="test_badge_share_requires_auth" time="0.173" /><testcase classname="backend.tests.test_gamification_leaderboard.TestBadgeSharing" name="test_badge_share_first_referral" time="0.456" /><testcase classname="backend.tests.test_gamification_leaderboard.TestBadgeSharing" name="test_badge_share_five_referrals" time="0.525" /><testcase classname="backend.tests.test_gamification_leaderboard.TestBadgeSharing" name="test_badge_share_unearned_badge" time="0.457" /><testcase classname="backend.tests.test_gamification_leaderboard.TestBadgeSharing" name="test_badge_share_invalid_badge" time="0.453" /><testcase classname="backend.tests.test_gamification_leaderboard.TestClickTrackingGeo" name="test_click_tracking_returns_success" time="0.629" /><testcase classname="backend.tests.test_gamification_leaderboard.TestClickTrackingGeo" name="test_click_tracking_invalid_code" time="0.109" /><testcase classname="backend.tests.test_gamification_leaderboard.TestClickTrackingGeo" name="test_analytics_shows_geo_breakdown" time="0.503" /><testcase classname="backend.tests.test_gamification_leaderboard.TestBadgeDefinitions" name="test_all_badges_available" time="0.581" /><testcase classname="backend.tests.test_gamification_leaderboard.TestBadgeDefinitions" name="test_new_badge_types_exist" time="0.554" /><testcase classname="backend.tests.test_gamification_leaderboard.TestBadgeDefinitions" name="test_badge_has_required_fields" time="0.480" /></testsuite></testsuites>