<?xml version="1.0" encoding="utf-8"?><testsuites name="pytest tests"><testsuite name="pytest" errors="0" failures="0" skipped="0" tests="12" time="3.431" timestamp="2026-02-18T15:29:44.051561+00:00" hostname="agent-env-477d3f7d-2e86-45d7-8f52-081c9d20ad38"><testcase classname="backend.tests.test_inquiry_dashboard.TestAdminAuth" name="test_admin_login_success" time="0.512" /><testcase classname="backend.tests.test_inquiry_dashboard.TestAdminAuth" name="test_admin_login_invalid_credentials" time="0.164" /><testcase classname="backend.tests.test_inquiry_dashboard.TestPublicInquirySubmission" name="test_create_inquiry_full_data" time="0.165" /><testcase classname="backend.tests.test_inquiry_dashboard.TestPublicInquirySubmission" name="test_create_inquiry_minimal_data" time="0.116" /><testcase classname="backend.tests.test_inquiry_dashboard.TestPublicInquirySubmission" name="test_create_government_inquiry" time="0.122" /><testcase classname="backend.tests.test_inquiry_dashboard.TestPublicInquirySubmission" name="test_create_enterprise_inquiry" time="0.150" /><testcase classname="backend.tests.test_inquiry_dashboard.TestAdminInquiryDashboard" name="test_get_inquiries_with_auth" time="0.447" /><testcase classname="backend.tests.test_inquiry_dashboard.TestAdminInquiryDashboard" name="test_get_inquiries_without_auth" time="0.118" /><testcase classname="backend.tests.test_inquiry_dashboard.TestAdminInquiryDashboard" name="test_get_inquiries_with_invalid_token" time="0.125" /><testcase classname="backend.tests.test_inquiry_dashboard.TestAdminInquiryDashboard" name="test_inquiry_data_fields" time="0.500" /><testcase classname="backend.tests.test_inquiry_dashboard.TestAdminInquiryDashboard" name="test_stats_counts_match" time="0.467" /><testcase classname="backend.tests.test_inquiry_dashboard.TestNonAdminAccess" name="test_non_admin_cannot_get_inquiries" time="0.480" /></testsuite></testsuites>