<?xml version="1.0" encoding="utf-8"?><testsuites name="pytest tests"><testsuite name="pytest" errors="0" failures="0" skipped="0" tests="7" time="1.196" timestamp="2026-02-18T14:35:06.187943+00:00" hostname="agent-env-e1be7b1b-518a-4e47-abbb-6e444fffccfc"><testcase classname="backend.tests.test_iteration38.TestHealthAndAPI" name="test_api_health" time="0.276" /><testcase classname="backend.tests.test_iteration38.TestInquiriesAPI" name="test_create_accubooks_inquiry" time="0.127" /><testcase classname="backend.tests.test_iteration38.TestInquiriesAPI" name="test_create_peoplehub_inquiry" time="0.183" /><testcase classname="backend.tests.test_iteration38.TestInquiriesAPI" name="test_create_taxxa_inquiry" time="0.145" /><testcase classname="backend.tests.test_iteration38.TestInquiriesAPI" name="test_create_ammo_inquiry" time="0.114" /><testcase classname="backend.tests.test_iteration38.TestInquiriesAPI" name="test_inquiry_with_minimal_fields" time="0.111" /><testcase classname="backend.tests.test_iteration38.TestSolutionsCategories" name="test_expert_options" time="0.178" /></testsuite></testsuites>