<?xml version="1.0" encoding="utf-8"?><testsuites name="pytest tests"><testsuite name="pytest" errors="0" failures="0" skipped="0" tests="35" time="7.098" timestamp="2026-02-16T08:53:15.427246+00:00" hostname="agent-env-7b0f51c0-a292-4dc6-9691-60a5a2226438"><testcase classname="backend.tests.test_kpi_promo_features.TestKPITracking" name="test_kpi_returns_200" time="0.796" /><testcase classname="backend.tests.test_kpi_promo_features.TestKPITracking" name="test_kpi_has_required_fields" time="0.117" /><testcase classname="backend.tests.test_kpi_promo_features.TestKPITracking" name="test_kpi_summary_fields" time="0.109" /><testcase classname="backend.tests.test_kpi_promo_features.TestKPITracking" name="test_kpi_thresholds" time="0.128" /><testcase classname="backend.tests.test_kpi_promo_features.TestKPITracking" name="test_kpi_affiliate_data_structure" time="0.108" /><testcase classname="backend.tests.test_kpi_promo_features.TestKPITracking" name="test_kpi_period_filter" time="0.489" /><testcase classname="backend.tests.test_kpi_promo_features.TestKPITracking" name="test_kpi_requires_admin_auth" time="0.132" /><testcase classname="backend.tests.test_kpi_promo_features.TestSuspendReactivate" name="test_suspend_affiliate" time="0.439" /><testcase classname="backend.tests.test_kpi_promo_features.TestSuspendReactivate" name="test_suspend_requires_reason" time="0.222" /><testcase classname="backend.tests.test_kpi_promo_features.TestSuspendReactivate" name="test_suspend_short_reason_rejected" time="0.122" /><testcase classname="backend.tests.test_kpi_promo_features.TestSuspendReactivate" name="test_reactivate_affiliate" time="0.227" /><testcase classname="backend.tests.test_kpi_promo_features.TestSuspendReactivate" name="test_reactivate_non_suspended_fails" time="0.111" /><testcase classname="backend.tests.test_kpi_promo_features.TestSuspendReactivate" name="test_suspend_already_suspended_fails" time="0.232" /><testcase classname="backend.tests.test_kpi_promo_features.TestSuspendReactivate" name="test_suspend_invalid_affiliate_404" time="0.107" /><testcase classname="backend.tests.test_kpi_promo_features.TestSuspendReactivate" name="test_reactivate_invalid_affiliate_404" time="0.099" /><testcase classname="backend.tests.test_kpi_promo_features.TestPromoCodes" name="test_create_promo_code" time="0.108" /><testcase classname="backend.tests.test_kpi_promo_features.TestPromoCodes" name="test_create_fixed_amount_promo" time="0.127" /><testcase classname="backend.tests.test_kpi_promo_features.TestPromoCodes" name="test_get_promo_codes_list" time="0.103" /><testcase classname="backend.tests.test_kpi_promo_features.TestPromoCodes" name="test_get_promo_codes_include_expired" time="0.362" /><testcase classname="backend.tests.test_kpi_promo_features.TestPromoCodes" name="test_get_single_promo_code" time="0.211" /><testcase classname="backend.tests.test_kpi_promo_features.TestPromoCodes" name="test_update_promo_code" time="0.107" /><testcase classname="backend.tests.test_kpi_promo_features.TestPromoCodes" name="test_deactivate_promo_code" time="0.229" /><testcase classname="backend.tests.test_kpi_promo_features.TestPromoCodes" name="test_duplicate_code_rejected" time="0.108" /><testcase classname="backend.tests.test_kpi_promo_features.TestPromoCodes" name="test_invalid_dates_rejected" time="0.105" /><testcase classname="backend.tests.test_kpi_promo_features.TestPromoCodes" name="test_delete_promo_code" time="0.345" /><testcase classname="backend.tests.test_kpi_promo_features.TestPromoCodes" name="test_promo_requires_admin_auth" time="0.106" /><testcase classname="backend.tests.test_kpi_promo_features.TestPromoValidation" name="test_validate_valid_promo" time="0.240" /><testcase classname="backend.tests.test_kpi_promo_features.TestPromoValidation" name="test_validate_invalid_code_404" time="0.104" /><testcase classname="backend.tests.test_kpi_promo_features.TestPromoValidation" name="test_validate_inactive_code_fails" time="0.216" /><testcase classname="backend.tests.test_kpi_promo_features.TestPromoValidation" name="test_validate_existing_codes" time="0.210" /><testcase classname="backend.tests.test_kpi_promo_features.TestPromoValidation" name="test_validation_no_auth_required" time="0.132" /><testcase classname="backend.tests.test_kpi_promo_features.TestAdminAuth" name="test_kpi_unauthenticated" time="0.418" /><testcase classname="backend.tests.test_kpi_promo_features.TestAdminAuth" name="test_suspend_unauthenticated" time="0.104" /><testcase classname="backend.tests.test_kpi_promo_features.TestAdminAuth" name="test_reactivate_unauthenticated" time="0.100" /><testcase classname="backend.tests.test_kpi_promo_features.TestAdminAuth" name="test_promo_create_unauthenticated" time="0.112" /></testsuite></testsuites>