<?xml version="1.0" encoding="utf-8"?><testsuites name="pytest tests"><testsuite name="pytest" errors="7" failures="13" skipped="6" tests="35" time="4.539" timestamp="2026-02-16T08:52:50.739906+00:00" hostname="agent-env-7b0f51c0-a292-4dc6-9691-60a5a2226438"><testcase classname="backend.tests.test_kpi_promo_features.TestKPITracking" name="test_kpi_returns_200" time="0.569"><failure message="assert 401 == 200&#10; +  where 401 = &lt;Response [401]&gt;.status_code">backend/tests/test_kpi_promo_features.py:51: in test_kpi_returns_200
    assert response.status_code == 200
E   assert 401 == 200
E    +  where 401 = &lt;Response [401]&gt;.status_code</failure></testcase><testcase classname="backend.tests.test_kpi_promo_features.TestKPITracking" name="test_kpi_has_required_fields" time="0.110"><failure message="AssertionError: assert 'period_days' in {'detail': 'Invalid token'}">backend/tests/test_kpi_promo_features.py:59: in test_kpi_has_required_fields
    assert "period_days" in data
E   AssertionError: assert 'period_days' in {'detail': 'Invalid token'}</failure></testcase><testcase classname="backend.tests.test_kpi_promo_features.TestKPITracking" name="test_kpi_summary_fields" time="0.099"><failure message="AssertionError: assert 'total_active_affiliates' in {}">backend/tests/test_kpi_promo_features.py:71: in test_kpi_summary_fields
    assert "total_active_affiliates" in summary
E   AssertionError: assert 'total_active_affiliates' in {}</failure></testcase><testcase classname="backend.tests.test_kpi_promo_features.TestKPITracking" name="test_kpi_thresholds" time="0.118"><failure message="AssertionError: assert 'min_referrals_per_month' in {}">backend/tests/test_kpi_promo_features.py:82: in test_kpi_thresholds
    assert "min_referrals_per_month" in thresholds
E   AssertionError: assert 'min_referrals_per_month' in {}</failure></testcase><testcase classname="backend.tests.test_kpi_promo_features.TestKPITracking" name="test_kpi_affiliate_data_structure" time="0.214" /><testcase classname="backend.tests.test_kpi_promo_features.TestKPITracking" name="test_kpi_period_filter" time="0.119"><failure message="assert 401 == 200&#10; +  where 401 = &lt;Response [401]&gt;.status_code">backend/tests/test_kpi_promo_features.py:107: in test_kpi_period_filter
    assert response.status_code == 200
E   assert 401 == 200
E    +  where 401 = &lt;Response [401]&gt;.status_code</failure></testcase><testcase classname="backend.tests.test_kpi_promo_features.TestKPITracking" name="test_kpi_requires_admin_auth" time="0.111" /><testcase classname="backend.tests.test_kpi_promo_features.TestSuspendReactivate" name="test_suspend_affiliate" time="0.222"><skipped type="pytest.skip" message="Could not find test affiliate">/app/backend/tests/test_kpi_promo_features.py:165: Could not find test affiliate</skipped></testcase><testcase classname="backend.tests.test_kpi_promo_features.TestSuspendReactivate" name="test_suspend_requires_reason" time="0.000"><skipped type="pytest.skip" message="Could not find test affiliate">/app/backend/tests/test_kpi_promo_features.py:179: Could not find test affiliate</skipped></testcase><testcase classname="backend.tests.test_kpi_promo_features.TestSuspendReactivate" name="test_suspend_short_reason_rejected" time="0.000"><skipped type="pytest.skip" message="Could not find test affiliate">/app/backend/tests/test_kpi_promo_features.py:197: Could not find test affiliate</skipped></testcase><testcase classname="backend.tests.test_kpi_promo_features.TestSuspendReactivate" name="test_reactivate_affiliate" time="0.000"><skipped type="pytest.skip" message="Could not find test affiliate">/app/backend/tests/test_kpi_promo_features.py:209: Could not find test affiliate</skipped></testcase><testcase classname="backend.tests.test_kpi_promo_features.TestSuspendReactivate" name="test_reactivate_non_suspended_fails" time="0.000"><skipped type="pytest.skip" message="Could not find test affiliate">/app/backend/tests/test_kpi_promo_features.py:229: Could not find test affiliate</skipped></testcase><testcase classname="backend.tests.test_kpi_promo_features.TestSuspendReactivate" name="test_suspend_already_suspended_fails" time="0.000"><skipped type="pytest.skip" message="Could not find test affiliate">/app/backend/tests/test_kpi_promo_features.py:242: Could not find test affiliate</skipped></testcase><testcase classname="backend.tests.test_kpi_promo_features.TestSuspendReactivate" name="test_suspend_invalid_affiliate_404" time="0.558"><failure message="assert 401 == 404&#10; +  where 401 = &lt;Response [401]&gt;.status_code">backend/tests/test_kpi_promo_features.py:267: in test_suspend_invalid_affiliate_404
    assert response.status_code == 404
E   assert 401 == 404
E    +  where 401 = &lt;Response [401]&gt;.status_code</failure></testcase><testcase classname="backend.tests.test_kpi_promo_features.TestSuspendReactivate" name="test_reactivate_invalid_affiliate_404" time="0.101"><failure message="assert 401 == 404&#10; +  where 401 = &lt;Response [401]&gt;.status_code">backend/tests/test_kpi_promo_features.py:276: in test_reactivate_invalid_affiliate_404
    assert response.status_code == 404
E   assert 401 == 404
E    +  where 401 = &lt;Response [401]&gt;.status_code</failure></testcase><testcase classname="backend.tests.test_kpi_promo_features.TestPromoCodes" name="test_create_promo_code" time="0.133"><failure message="assert 401 == 200&#10; +  where 401 = &lt;Response [401]&gt;.status_code">backend/tests/test_kpi_promo_features.py:343: in test_create_promo_code
    assert response.status_code == 200
E   assert 401 == 200
E    +  where 401 = &lt;Response [401]&gt;.status_code</failure></testcase><testcase classname="backend.tests.test_kpi_promo_features.TestPromoCodes" name="test_create_fixed_amount_promo" time="0.113"><failure message="assert 401 == 200&#10; +  where 401 = &lt;Response [401]&gt;.status_code">backend/tests/test_kpi_promo_features.py:370: in test_create_fixed_amount_promo
    assert response.status_code == 200
E   assert 401 == 200
E    +  where 401 = &lt;Response [401]&gt;.status_code</failure></testcase><testcase classname="backend.tests.test_kpi_promo_features.TestPromoCodes" name="test_get_promo_codes_list" time="0.157"><failure message="assert 401 == 200&#10; +  where 401 = &lt;Response [401]&gt;.status_code">backend/tests/test_kpi_promo_features.py:379: in test_get_promo_codes_list
    assert response.status_code == 200
E   assert 401 == 200
E    +  where 401 = &lt;Response [401]&gt;.status_code</failure></testcase><testcase classname="backend.tests.test_kpi_promo_features.TestPromoCodes" name="test_get_promo_codes_include_expired" time="0.137"><failure message="assert 401 == 200&#10; +  where 401 = &lt;Response [401]&gt;.status_code">backend/tests/test_kpi_promo_features.py:391: in test_get_promo_codes_include_expired
    assert response.status_code == 200
E   assert 401 == 200
E    +  where 401 = &lt;Response [401]&gt;.status_code</failure></testcase><testcase classname="backend.tests.test_kpi_promo_features.TestPromoCodes" name="test_get_single_promo_code" time="0.104"><error message="failed on setup with &quot;assert 401 == 200&#10; +  where 401 = &lt;Response [401]&gt;.status_code&quot;">backend/tests/test_kpi_promo_features.py:312: in test_promo_code
    assert response.status_code == 200
E   assert 401 == 200
E    +  where 401 = &lt;Response [401]&gt;.status_code</error></testcase><testcase classname="backend.tests.test_kpi_promo_features.TestPromoCodes" name="test_update_promo_code" time="0.000"><error message="failed on setup with &quot;assert 401 == 200&#10; +  where 401 = &lt;Response [401]&gt;.status_code&quot;">backend/tests/test_kpi_promo_features.py:312: in test_promo_code
    assert response.status_code == 200
E   assert 401 == 200
E    +  where 401 = &lt;Response [401]&gt;.status_code</error></testcase><testcase classname="backend.tests.test_kpi_promo_features.TestPromoCodes" name="test_deactivate_promo_code" time="0.000"><error message="failed on setup with &quot;assert 401 == 200&#10; +  where 401 = &lt;Response [401]&gt;.status_code&quot;">backend/tests/test_kpi_promo_features.py:312: in test_promo_code
    assert response.status_code == 200
E   assert 401 == 200
E    +  where 401 = &lt;Response [401]&gt;.status_code</error></testcase><testcase classname="backend.tests.test_kpi_promo_features.TestPromoCodes" name="test_duplicate_code_rejected" time="0.000"><error message="failed on setup with &quot;assert 401 == 200&#10; +  where 401 = &lt;Response [401]&gt;.status_code&quot;">backend/tests/test_kpi_promo_features.py:312: in test_promo_code
    assert response.status_code == 200
E   assert 401 == 200
E    +  where 401 = &lt;Response [401]&gt;.status_code</error></testcase><testcase classname="backend.tests.test_kpi_promo_features.TestPromoCodes" name="test_invalid_dates_rejected" time="0.110"><failure message="assert 401 == 400&#10; +  where 401 = &lt;Response [401]&gt;.status_code">backend/tests/test_kpi_promo_features.py:493: in test_invalid_dates_rejected
    assert response.status_code == 400
E   assert 401 == 400
E    +  where 401 = &lt;Response [401]&gt;.status_code</failure></testcase><testcase classname="backend.tests.test_kpi_promo_features.TestPromoCodes" name="test_delete_promo_code" time="0.108"><failure message="assert 401 == 200&#10; +  where 401 = &lt;Response [401]&gt;.status_code">backend/tests/test_kpi_promo_features.py:518: in test_delete_promo_code
    assert create_response.status_code == 200
E   assert 401 == 200
E    +  where 401 = &lt;Response [401]&gt;.status_code</failure></testcase><testcase classname="backend.tests.test_kpi_promo_features.TestPromoCodes" name="test_promo_requires_admin_auth" time="0.117" /><testcase classname="backend.tests.test_kpi_promo_features.TestPromoValidation" name="test_validate_valid_promo" time="0.100"><error message="failed on setup with &quot;assert 401 == 200&#10; +  where 401 = &lt;Response [401]&gt;.status_code&quot;">backend/tests/test_kpi_promo_features.py:572: in valid_promo_code
    assert response.status_code == 200
E   assert 401 == 200
E    +  where 401 = &lt;Response [401]&gt;.status_code</error></testcase><testcase classname="backend.tests.test_kpi_promo_features.TestPromoValidation" name="test_validate_invalid_code_404" time="0.109" /><testcase classname="backend.tests.test_kpi_promo_features.TestPromoValidation" name="test_validate_inactive_code_fails" time="0.100"><error message="failed on setup with &quot;assert 401 == 200&#10; +  where 401 = &lt;Response [401]&gt;.status_code&quot;">backend/tests/test_kpi_promo_features.py:597: in inactive_promo_code
    assert response.status_code == 200
E   assert 401 == 200
E    +  where 401 = &lt;Response [401]&gt;.status_code</error></testcase><testcase classname="backend.tests.test_kpi_promo_features.TestPromoValidation" name="test_validate_existing_codes" time="0.232" /><testcase classname="backend.tests.test_kpi_promo_features.TestPromoValidation" name="test_validation_no_auth_required" time="0.000"><error message="failed on setup with &quot;assert 401 == 200&#10; +  where 401 = &lt;Response [401]&gt;.status_code&quot;">backend/tests/test_kpi_promo_features.py:572: in valid_promo_code
    assert response.status_code == 200
E   assert 401 == 200
E    +  where 401 = &lt;Response [401]&gt;.status_code</error></testcase><testcase classname="backend.tests.test_kpi_promo_features.TestAdminAuth" name="test_kpi_unauthenticated" time="0.099" /><testcase classname="backend.tests.test_kpi_promo_features.TestAdminAuth" name="test_suspend_unauthenticated" time="0.110" /><testcase classname="backend.tests.test_kpi_promo_features.TestAdminAuth" name="test_reactivate_unauthenticated" time="0.101" /><testcase classname="backend.tests.test_kpi_promo_features.TestAdminAuth" name="test_promo_create_unauthenticated" time="0.109" /></testsuite></testsuites>