<?xml version="1.0" encoding="utf-8"?><testsuites name="pytest tests"><testsuite name="pytest" errors="0" failures="0" skipped="0" tests="17" time="2.860" timestamp="2026-02-17T07:46:58.324750+00:00" hostname="agent-env-84717a39-7a96-4f3b-93ed-df2964beeffd"><testcase classname="backend.tests.test_monthly_rewards.TestSetup" name="test_api_connectivity" time="0.135" /><testcase classname="backend.tests.test_monthly_rewards.TestSetup" name="test_admin_login" time="0.321" /><testcase classname="backend.tests.test_monthly_rewards.TestPreviousWinnersPublic" name="test_previous_winners_no_auth_required" time="0.116" /><testcase classname="backend.tests.test_monthly_rewards.TestPreviousWinnersPublic" name="test_previous_winners_response_structure" time="0.108" /><testcase classname="backend.tests.test_monthly_rewards.TestPreviousWinnersPublic" name="test_previous_winners_months_parameter" time="0.400" /><testcase classname="backend.tests.test_monthly_rewards.TestFeaturedPartnerPublic" name="test_featured_partner_no_auth_required" time="0.105" /><testcase classname="backend.tests.test_monthly_rewards.TestFeaturedPartnerPublic" name="test_featured_partner_response_structure" time="0.151" /><testcase classname="backend.tests.test_monthly_rewards.TestMonthlyRewardsAdminEndpoints" name="test_process_rewards_requires_auth" time="0.107" /><testcase classname="backend.tests.test_monthly_rewards.TestMonthlyRewardsAdminEndpoints" name="test_process_rewards_dry_run" time="0.538" /><testcase classname="backend.tests.test_monthly_rewards.TestMonthlyRewardsAdminEndpoints" name="test_process_rewards_response_includes_config" time="0.146" /><testcase classname="backend.tests.test_monthly_rewards.TestMonthlyRewardsAdminEndpoints" name="test_process_rewards_specific_month" time="0.164" /><testcase classname="backend.tests.test_monthly_rewards.TestMonthlyRewardsAdminEndpoints" name="test_process_rewards_invalid_month_format" time="0.102" /><testcase classname="backend.tests.test_monthly_rewards.TestMonthlyRewardsAdminEndpoints" name="test_rewards_history_requires_auth" time="0.137" /><testcase classname="backend.tests.test_monthly_rewards.TestMonthlyRewardsAdminEndpoints" name="test_rewards_history_response" time="0.148" /><testcase classname="backend.tests.test_monthly_rewards.TestRewardConfiguration" name="test_reward_values" time="0.107" /><testcase classname="backend.tests.test_monthly_rewards.TestEmailServiceTemplates" name="test_email_service_has_leaderboard_winner_method" time="0.003" /><testcase classname="backend.tests.test_monthly_rewards.TestEmailServiceTemplates" name="test_email_service_has_featured_partner_method" time="0.003" /></testsuite></testsuites>