<?xml version="1.0" encoding="utf-8"?><testsuites name="pytest tests"><testsuite name="pytest" errors="0" failures="3" skipped="0" tests="17" time="3.073" timestamp="2026-02-17T07:46:21.591561+00:00" hostname="agent-env-84717a39-7a96-4f3b-93ed-df2964beeffd"><testcase classname="backend.tests.test_monthly_rewards.TestSetup" name="test_api_connectivity" time="0.230"><failure message="AssertionError: API health check failed: {&quot;detail&quot;:&quot;Not Found&quot;}&#10;assert 404 == 200&#10; +  where 404 = &lt;Response [404]&gt;.status_code">backend/tests/test_monthly_rewards.py:29: in test_api_connectivity
    assert response.status_code == 200, f"API health check failed: {response.text}"
E   AssertionError: API health check failed: {"detail":"Not Found"}
E   assert 404 == 200
E    +  where 404 = &lt;Response [404]&gt;.status_code</failure></testcase><testcase classname="backend.tests.test_monthly_rewards.TestSetup" name="test_admin_login" time="0.415" /><testcase classname="backend.tests.test_monthly_rewards.TestPreviousWinnersPublic" name="test_previous_winners_no_auth_required" time="0.136" /><testcase classname="backend.tests.test_monthly_rewards.TestPreviousWinnersPublic" name="test_previous_winners_response_structure" time="0.127" /><testcase classname="backend.tests.test_monthly_rewards.TestPreviousWinnersPublic" name="test_previous_winners_months_parameter" time="0.192" /><testcase classname="backend.tests.test_monthly_rewards.TestFeaturedPartnerPublic" name="test_featured_partner_no_auth_required" time="0.221" /><testcase classname="backend.tests.test_monthly_rewards.TestFeaturedPartnerPublic" name="test_featured_partner_response_structure" time="0.117" /><testcase classname="backend.tests.test_monthly_rewards.TestMonthlyRewardsAdminEndpoints" name="test_process_rewards_requires_auth" time="0.128" /><testcase classname="backend.tests.test_monthly_rewards.TestMonthlyRewardsAdminEndpoints" name="test_process_rewards_dry_run" time="0.620"><failure message="AssertionError: Response should contain 'reward_config'&#10;assert 'reward_config' in {'dry_run': True, 'message': 'No referrals found for this month', 'month': 'January 2026', 'winners': []}">backend/tests/test_monthly_rewards.py:138: in test_process_rewards_dry_run
    assert "reward_config" in data, "Response should contain 'reward_config'"
E   AssertionError: Response should contain 'reward_config'
E   assert 'reward_config' in {'dry_run': True, 'message': 'No referrals found for this month', 'month': 'January 2026', 'winners': []}</failure></testcase><testcase classname="backend.tests.test_monthly_rewards.TestMonthlyRewardsAdminEndpoints" name="test_process_rewards_response_includes_config" time="0.167"><failure message="AssertionError: Should have 1st place config&#10;assert (1 in {} or '1' in {})">backend/tests/test_monthly_rewards.py:155: in test_process_rewards_response_includes_config
    assert 1 in reward_config or "1" in reward_config, "Should have 1st place config"
E   AssertionError: Should have 1st place config
E   assert (1 in {} or '1' in {})</failure></testcase><testcase classname="backend.tests.test_monthly_rewards.TestMonthlyRewardsAdminEndpoints" name="test_process_rewards_specific_month" time="0.157" /><testcase classname="backend.tests.test_monthly_rewards.TestMonthlyRewardsAdminEndpoints" name="test_process_rewards_invalid_month_format" time="0.112" /><testcase classname="backend.tests.test_monthly_rewards.TestMonthlyRewardsAdminEndpoints" name="test_rewards_history_requires_auth" time="0.113" /><testcase classname="backend.tests.test_monthly_rewards.TestMonthlyRewardsAdminEndpoints" name="test_rewards_history_response" time="0.124" /><testcase classname="backend.tests.test_monthly_rewards.TestRewardConfiguration" name="test_reward_values" time="0.101" /><testcase classname="backend.tests.test_monthly_rewards.TestEmailServiceTemplates" name="test_email_service_has_leaderboard_winner_method" time="0.007" /><testcase classname="backend.tests.test_monthly_rewards.TestEmailServiceTemplates" name="test_email_service_has_featured_partner_method" time="0.003" /></testsuite></testsuites>