<?xml version="1.0" encoding="utf-8"?><testsuites name="pytest tests"><testsuite name="pytest" errors="0" failures="0" skipped="0" tests="10" time="2.789" timestamp="2026-02-16T00:29:57.775543+00:00" hostname="agent-env-930bd7ee-2673-4d6d-a200-49bed2ff0ef8"><testcase classname="backend.tests.test_new_features.TestStatisticsAPI" name="test_get_statistics" time="0.162" /><testcase classname="backend.tests.test_new_features.TestPartnersAPI" name="test_get_partners" time="0.138" /><testcase classname="backend.tests.test_new_features.TestAffiliateProgramInfo" name="test_get_program_info" time="0.156" /><testcase classname="backend.tests.test_new_features.TestAffiliateAdminAPIs" name="test_get_affiliate_applications" time="0.479" /><testcase classname="backend.tests.test_new_features.TestAffiliateAdminAPIs" name="test_get_affiliate_applications_with_status_filter" time="0.480" /><testcase classname="backend.tests.test_new_features.TestAffiliateAdminAPIs" name="test_get_affiliate_payouts" time="0.450" /><testcase classname="backend.tests.test_new_features.TestAffiliateAdminAPIs" name="test_unauthenticated_access_blocked" time="0.325" /><testcase classname="backend.tests.test_new_features.TestAffiliateApplication" name="test_submit_affiliate_application" time="0.241" /><testcase classname="backend.tests.test_new_features.TestHomepageAPIs" name="test_featured_projects" time="0.144" /><testcase classname="backend.tests.test_new_features.TestHomepageAPIs" name="test_featured_testimonials" time="0.130" /></testsuite></testsuites>