<?xml version="1.0" encoding="utf-8"?><testsuites name="pytest tests"><testsuite name="pytest" errors="0" failures="1" skipped="0" tests="10" time="2.955" timestamp="2026-02-16T00:29:43.163646+00:00" hostname="agent-env-930bd7ee-2673-4d6d-a200-49bed2ff0ef8"><testcase classname="backend.tests.test_new_features.TestStatisticsAPI" name="test_get_statistics" time="0.232" /><testcase classname="backend.tests.test_new_features.TestPartnersAPI" name="test_get_partners" time="0.157" /><testcase classname="backend.tests.test_new_features.TestAffiliateProgramInfo" name="test_get_program_info" time="0.148" /><testcase classname="backend.tests.test_new_features.TestAffiliateAdminAPIs" name="test_get_affiliate_applications" time="0.508" /><testcase classname="backend.tests.test_new_features.TestAffiliateAdminAPIs" name="test_get_affiliate_applications_with_status_filter" time="0.550" /><testcase classname="backend.tests.test_new_features.TestAffiliateAdminAPIs" name="test_get_affiliate_payouts" time="0.479" /><testcase classname="backend.tests.test_new_features.TestAffiliateAdminAPIs" name="test_unauthenticated_access_blocked" time="0.122"><failure message="assert 403 == 401&#10; +  where 403 = &lt;Response [403]&gt;.status_code">backend/tests/test_new_features.py:118: in test_unauthenticated_access_blocked
    assert response.status_code == 401
E   assert 403 == 401
E    +  where 403 = &lt;Response [403]&gt;.status_code</failure></testcase><testcase classname="backend.tests.test_new_features.TestAffiliateApplication" name="test_submit_affiliate_application" time="0.257" /><testcase classname="backend.tests.test_new_features.TestHomepageAPIs" name="test_featured_projects" time="0.204" /><testcase classname="backend.tests.test_new_features.TestHomepageAPIs" name="test_featured_testimonials" time="0.206" /></testsuite></testsuites>