<?xml version="1.0" encoding="utf-8"?><testsuites name="pytest tests"><testsuite name="pytest" errors="0" failures="0" skipped="0" tests="13" time="4.361" timestamp="2026-02-17T06:34:46.593709+00:00" hostname="agent-env-84717a39-7a96-4f3b-93ed-df2964beeffd"><testcase classname="backend.tests.test_p0_p1_features.TestAdminLogin" name="test_admin_login_success" time="0.512" /><testcase classname="backend.tests.test_p0_p1_features.TestAdminLogin" name="test_admin_login_invalid_credentials" time="0.440" /><testcase classname="backend.tests.test_p0_p1_features.TestAdminReferralManagement" name="test_referral_stats_api" time="0.513" /><testcase classname="backend.tests.test_p0_p1_features.TestAdminReferralManagement" name="test_referral_leaderboard_api" time="0.444" /><testcase classname="backend.tests.test_p0_p1_features.TestAdminReferralManagement" name="test_referral_conversions_api" time="0.463" /><testcase classname="backend.tests.test_p0_p1_features.TestAdminReferralManagement" name="test_potential_affiliates_api" time="0.448" /><testcase classname="backend.tests.test_p0_p1_features.TestAdminReferralManagement" name="test_referral_user_details_api" time="0.631" /><testcase classname="backend.tests.test_p0_p1_features.TestProjectsAPI" name="test_get_projects" time="0.163" /><testcase classname="backend.tests.test_p0_p1_features.TestProjectsAPI" name="test_projects_have_correct_schema" time="0.098" /><testcase classname="backend.tests.test_p0_p1_features.TestNewsAPI" name="test_get_news" time="0.122" /><testcase classname="backend.tests.test_p0_p1_features.TestContactAPI" name="test_submit_inquiry" time="0.144" /><testcase classname="backend.tests.test_p0_p1_features.TestAuthProtection" name="test_referral_stats_requires_auth" time="0.125" /><testcase classname="backend.tests.test_p0_p1_features.TestAuthProtection" name="test_referral_leaderboard_requires_auth" time="0.176" /></testsuite></testsuites>