<?xml version="1.0" encoding="utf-8"?><testsuites name="pytest tests"><testsuite name="pytest" errors="0" failures="0" skipped="0" tests="12" time="5.475" timestamp="2026-02-17T06:55:42.069869+00:00" hostname="agent-env-84717a39-7a96-4f3b-93ed-df2964beeffd"><testcase classname="backend.tests.test_partner_performance_badges.TestAdminLogin" name="test_admin_login_success" time="0.558" /><testcase classname="backend.tests.test_partner_performance_badges.TestPartnerPerformanceAPI" name="test_my_performance_endpoint_exists" time="0.584" /><testcase classname="backend.tests.test_partner_performance_badges.TestPartnerPerformanceAPI" name="test_my_performance_response_structure" time="0.146" /><testcase classname="backend.tests.test_partner_performance_badges.TestPartnerPerformanceAPI" name="test_my_performance_with_period" time="0.504" /><testcase classname="backend.tests.test_partner_performance_badges.TestPartnerBadgesAPI" name="test_badges_endpoint_exists" time="0.477" /><testcase classname="backend.tests.test_partner_performance_badges.TestPartnerBadgesAPI" name="test_badges_response_structure" time="0.130" /><testcase classname="backend.tests.test_partner_performance_badges.TestPartnerBadgesAPI" name="test_badges_have_all_10_types" time="0.120" /><testcase classname="backend.tests.test_partner_performance_badges.TestReferralCodeRegistration" name="test_register_without_referral_code" time="0.355" /><testcase classname="backend.tests.test_partner_performance_badges.TestReferralCodeRegistration" name="test_register_with_invalid_referral_code" time="0.831" /><testcase classname="backend.tests.test_partner_performance_badges.TestReferralCodeRegistration" name="test_registration_creates_user" time="0.730" /><testcase classname="backend.tests.test_partner_performance_badges.TestAffiliateProfile" name="test_affiliate_profile" time="0.448" /><testcase classname="backend.tests.test_partner_performance_badges.TestAffiliateAnalytics" name="test_analytics_endpoint" time="0.504" /></testsuite></testsuites>