<?xml version="1.0" encoding="utf-8"?><testsuites name="pytest tests"><testsuite name="pytest" errors="0" failures="0" skipped="0" tests="22" time="8.650" timestamp="2026-02-17T11:38:01.321610+00:00" hostname="agent-env-0c44af7d-261d-45ab-916d-be1441647160"><testcase classname="tests.test_payment_sso_revenue.TestSetup" name="test_api_connectivity" time="0.255" /><testcase classname="tests.test_payment_sso_revenue.TestSetup" name="test_admin_login" time="0.329" /><testcase classname="tests.test_payment_sso_revenue.TestSSOEndpoints" name="test_sso_survey360_returns_subscription_info" time="0.554" /><testcase classname="tests.test_payment_sso_revenue.TestSSOEndpoints" name="test_sso_survey360_user_without_subscription_gets_null" time="0.644" /><testcase classname="tests.test_payment_sso_revenue.TestSSOEndpoints" name="test_sso_fieldforce_returns_subscription_info" time="0.497" /><testcase classname="tests.test_payment_sso_revenue.TestSSOEndpoints" name="test_sso_without_auth_returns_401" time="0.256" /><testcase classname="tests.test_payment_sso_revenue.TestSSOEndpoints" name="test_sso_with_invalid_token_returns_401" time="0.321" /><testcase classname="tests.test_payment_sso_revenue.TestRevenueAnalyticsEndpoints" name="test_revenue_overview_requires_admin" time="0.120" /><testcase classname="tests.test_payment_sso_revenue.TestRevenueAnalyticsEndpoints" name="test_revenue_overview_returns_stats" time="0.587" /><testcase classname="tests.test_payment_sso_revenue.TestRevenueAnalyticsEndpoints" name="test_revenue_by_product_requires_admin" time="0.144" /><testcase classname="tests.test_payment_sso_revenue.TestRevenueAnalyticsEndpoints" name="test_revenue_by_product_returns_breakdown" time="0.476" /><testcase classname="tests.test_payment_sso_revenue.TestRevenueAnalyticsEndpoints" name="test_admin_subscriptions_requires_admin" time="0.174" /><testcase classname="tests.test_payment_sso_revenue.TestRevenueAnalyticsEndpoints" name="test_admin_subscriptions_returns_list" time="0.563" /><testcase classname="tests.test_payment_sso_revenue.TestRevenueAnalyticsEndpoints" name="test_admin_subscriptions_filter_by_product" time="0.513" /><testcase classname="tests.test_payment_sso_revenue.TestRevenueAnalyticsEndpoints" name="test_admin_subscriptions_filter_by_status" time="0.776" /><testcase classname="tests.test_payment_sso_revenue.TestUserSubscriptionsEndpoint" name="test_user_subscriptions_requires_email" time="0.107" /><testcase classname="tests.test_payment_sso_revenue.TestUserSubscriptionsEndpoint" name="test_user_subscriptions_returns_list" time="0.105" /><testcase classname="tests.test_payment_sso_revenue.TestUserSubscriptionsEndpoint" name="test_user_subscriptions_for_nonexistent_user" time="0.133" /><testcase classname="tests.test_payment_sso_revenue.TestPaymentCheckoutCreatesSubscription" name="test_checkout_endpoint_exists" time="0.143" /><testcase classname="tests.test_payment_sso_revenue.TestPaymentCheckoutCreatesSubscription" name="test_checkout_request_structure" time="0.884" /><testcase classname="tests.test_payment_sso_revenue.TestSubscriptionDataInSSOTokens" name="test_sso_token_contains_plan_info" time="0.473" /><testcase classname="tests.test_payment_sso_revenue.TestSubscriptionExpiry" name="test_get_user_subscription_helper_exists" time="0.493" /></testsuite></testsuites>