<?xml version="1.0" encoding="utf-8"?><testsuites name="pytest tests"><testsuite name="pytest" errors="0" failures="0" skipped="0" tests="7" time="0.699" timestamp="2026-02-08T16:54:44.903428+00:00" hostname="agent-env-1bc7ea6d-7c2f-4f48-ae39-5d32c351292f"><testcase classname="backend.tests.test_project_matching.TestProjectRequirementsAPI" name="test_create_project_requirement" time="0.342" /><testcase classname="backend.tests.test_project_matching.TestProjectRequirementsAPI" name="test_get_all_project_requirements" time="0.034" /><testcase classname="backend.tests.test_project_matching.TestProjectRequirementsAPI" name="test_get_project_requirements_with_status_filter" time="0.037" /><testcase classname="backend.tests.test_project_matching.TestExpertMatching" name="test_get_matches_for_project" time="0.076" /><testcase classname="backend.tests.test_project_matching.TestExpertMatching" name="test_matches_for_nonexistent_project" time="0.036" /><testcase classname="backend.tests.test_project_matching.TestAuthentication" name="test_project_requirements_require_auth" time="0.075" /><testcase classname="backend.tests.test_project_matching.TestAuthentication" name="test_matches_require_auth" time="0.036" /></testsuite></testsuites>