<?xml version="1.0" encoding="utf-8"?><testsuites name="pytest tests"><testsuite name="pytest" errors="0" failures="0" skipped="0" tests="27" time="5.567" timestamp="2026-02-17T09:34:11.185586+00:00" hostname="agent-env-0c44af7d-261d-45ab-916d-be1441647160"><testcase classname="tests.test_public_content_routes.TestSetup" name="test_api_connectivity" time="0.269" /><testcase classname="tests.test_public_content_routes.TestSetup" name="test_admin_login" time="0.415" /><testcase classname="tests.test_public_content_routes.TestProjectsEndpoint" name="test_get_projects_no_auth" time="0.105" /><testcase classname="tests.test_public_content_routes.TestProjectsEndpoint" name="test_projects_response_structure" time="0.240" /><testcase classname="tests.test_public_content_routes.TestProjectsEndpoint" name="test_projects_featured_filter" time="0.177" /><testcase classname="tests.test_public_content_routes.TestProjectsEndpoint" name="test_projects_sector_filter" time="0.134" /><testcase classname="tests.test_public_content_routes.TestTeamEndpoint" name="test_get_team_no_auth" time="0.107" /><testcase classname="tests.test_public_content_routes.TestTeamEndpoint" name="test_team_response_structure" time="0.222" /><testcase classname="tests.test_public_content_routes.TestTeamEndpoint" name="test_team_ordered_by_order" time="0.112" /><testcase classname="tests.test_public_content_routes.TestTestimonialsEndpoint" name="test_get_testimonials_no_auth" time="0.116" /><testcase classname="tests.test_public_content_routes.TestTestimonialsEndpoint" name="test_testimonials_response_structure" time="0.139" /><testcase classname="tests.test_public_content_routes.TestTestimonialsEndpoint" name="test_testimonials_featured_filter" time="0.131" /><testcase classname="tests.test_public_content_routes.TestStatisticsEndpoint" name="test_get_statistics_no_auth" time="0.156" /><testcase classname="tests.test_public_content_routes.TestStatisticsEndpoint" name="test_statistics_response_structure" time="0.158" /><testcase classname="tests.test_public_content_routes.TestStatisticsEndpoint" name="test_statistics_ordered" time="0.218" /><testcase classname="tests.test_public_content_routes.TestNewsEndpoint" name="test_get_news_no_auth" time="0.107" /><testcase classname="tests.test_public_content_routes.TestNewsEndpoint" name="test_news_response_structure" time="0.700" /><testcase classname="tests.test_public_content_routes.TestNewsEndpoint" name="test_news_limit_parameter" time="0.117" /><testcase classname="tests.test_public_content_routes.TestPartnersEndpoint" name="test_get_partners_no_auth" time="0.159" /><testcase classname="tests.test_public_content_routes.TestPartnersEndpoint" name="test_partners_response_structure" time="0.148" /><testcase classname="tests.test_public_content_routes.TestPartnersEndpoint" name="test_partners_ordered" time="0.101" /><testcase classname="tests.test_public_content_routes.TestInquiriesEndpoint" name="test_create_inquiry_success" time="0.107" /><testcase classname="tests.test_public_content_routes.TestInquiriesEndpoint" name="test_create_inquiry_honeypot_detection" time="0.112" /><testcase classname="tests.test_public_content_routes.TestInquiriesEndpoint" name="test_create_inquiry_minimal_fields" time="0.138" /><testcase classname="tests.test_public_content_routes.TestAdminInquiriesEndpoint" name="test_admin_inquiries_requires_auth" time="0.102" /><testcase classname="tests.test_public_content_routes.TestAdminInquiriesEndpoint" name="test_admin_inquiries_with_auth" time="0.482" /><testcase classname="tests.test_public_content_routes.TestAdminInquiriesEndpoint" name="test_admin_inquiries_response_structure" time="0.505" /></testsuite></testsuites>