<?xml version="1.0" encoding="utf-8"?><testsuites name="pytest tests"><testsuite name="pytest" errors="0" failures="0" skipped="0" tests="18" time="4.352" timestamp="2026-02-16T19:57:25.515767+00:00" hostname="agent-env-931cebb5-66d2-47a8-8ba9-fe63c712f27a"><testcase classname="backend.tests.test_refactoring_email_auth.TestAuthEndpoints" name="test_auth_login_success" time="0.573" /><testcase classname="backend.tests.test_refactoring_email_auth.TestAuthEndpoints" name="test_auth_login_invalid_credentials" time="0.069" /><testcase classname="backend.tests.test_refactoring_email_auth.TestAuthEndpoints" name="test_auth_forgot_password_success" time="0.129" /><testcase classname="backend.tests.test_refactoring_email_auth.TestAuthEndpoints" name="test_auth_forgot_password_nonexistent_email" time="0.060" /><testcase classname="backend.tests.test_refactoring_email_auth.TestAuthEndpoints" name="test_auth_me_endpoint" time="0.470" /><testcase classname="backend.tests.test_refactoring_email_auth.TestEmailEndpointsWithPydantic" name="test_email_status_endpoint" time="0.139" /><testcase classname="backend.tests.test_refactoring_email_auth.TestEmailEndpointsWithPydantic" name="test_send_product_email_endpoint" time="1.248" /><testcase classname="backend.tests.test_refactoring_email_auth.TestEmailEndpointsWithPydantic" name="test_send_product_email_invalid_product" time="0.071" /><testcase classname="backend.tests.test_refactoring_email_auth.TestEmailEndpointsWithPydantic" name="test_survey360_survey_invite_endpoint" time="0.259" /><testcase classname="backend.tests.test_refactoring_email_auth.TestAdminAnalyticsDashboard" name="test_admin_dashboard_stats" time="0.119" /><testcase classname="backend.tests.test_refactoring_email_auth.TestAdminAnalyticsDashboard" name="test_admin_dashboard_activity" time="0.128" /><testcase classname="backend.tests.test_refactoring_email_auth.TestAdminAnalyticsDashboard" name="test_admin_dashboard_charts" time="0.132" /><testcase classname="backend.tests.test_refactoring_email_auth.TestPromoCodesWithProducts" name="test_get_promo_codes_list" time="0.103" /><testcase classname="backend.tests.test_refactoring_email_auth.TestPromoCodesWithProducts" name="test_create_promo_code_with_products" time="0.362" /><testcase classname="backend.tests.test_refactoring_email_auth.TestHomepageComponent" name="test_statistics_api" time="0.101" /><testcase classname="backend.tests.test_refactoring_email_auth.TestHomepageComponent" name="test_testimonials_api" time="0.097" /><testcase classname="backend.tests.test_refactoring_email_auth.TestHomepageComponent" name="test_projects_api" time="0.097" /><testcase classname="backend.tests.test_refactoring_email_auth.TestHomepageComponent" name="test_partners_api" time="0.125" /></testsuite></testsuites>