<?xml version="1.0" encoding="utf-8"?><testsuites name="pytest tests"><testsuite name="pytest" errors="0" failures="1" skipped="1" tests="13" time="3.632" timestamp="2026-02-16T14:37:03.529997+00:00" hostname="agent-env-c102e3c5-01fc-4eb6-aa77-f713fddd13a8"><testcase classname="backend.tests.test_refactoring_referral.TestHealthCheck" name="test_api_health" time="0.407" /><testcase classname="backend.tests.test_refactoring_referral.TestShortenedReferralLink" name="test_valid_referral_code_redirects" time="0.325" /><testcase classname="backend.tests.test_refactoring_referral.TestShortenedReferralLink" name="test_invalid_code_graceful_degradation" time="0.126" /><testcase classname="backend.tests.test_refactoring_referral.TestShortenedReferralLink" name="test_lowercase_code_handled" time="0.294" /><testcase classname="backend.tests.test_refactoring_referral.TestShortenedReferralLink" name="test_short_code_format" time="0.392" /><testcase classname="backend.tests.test_refactoring_referral.TestAdminLogin" name="test_admin_login_success" time="0.361" /><testcase classname="backend.tests.test_refactoring_referral.TestAdminLogin" name="test_admin_login_wrong_password" time="0.351" /><testcase classname="backend.tests.test_refactoring_referral.TestAdminLogin" name="test_admin_login_invalid_email" time="0.184" /><testcase classname="backend.tests.test_refactoring_referral.TestPublicAPIs" name="test_get_projects" time="0.152"><failure message="assert 520 == 200&#10; +  where 520 = &lt;Response [520]&gt;.status_code">backend/tests/test_refactoring_referral.py:127: in test_get_projects
    assert response.status_code == 200
E   assert 520 == 200
E    +  where 520 = &lt;Response [520]&gt;.status_code</failure></testcase><testcase classname="backend.tests.test_refactoring_referral.TestPublicAPIs" name="test_get_statistics" time="0.130" /><testcase classname="backend.tests.test_refactoring_referral.TestPublicAPIs" name="test_get_testimonials" time="0.138" /><testcase classname="backend.tests.test_refactoring_referral.TestPublicAPIs" name="test_get_team" time="0.158" /><testcase classname="backend.tests.test_refactoring_referral.TestWithApprovedAffiliate" name="test_referral_redirect_with_approved_affiliate" time="0.486"><skipped type="pytest.skip" message="Cannot access affiliates endpoint">/app/backend/tests/test_refactoring_referral.py:191: Cannot access affiliates endpoint</skipped></testcase></testsuite></testsuites>