<?xml version="1.0" encoding="utf-8"?><testsuites name="pytest tests"><testsuite name="pytest" errors="0" failures="0" skipped="0" tests="23" time="5.429" timestamp="2026-02-16T20:29:23.304052+00:00" hostname="agent-env-931cebb5-66d2-47a8-8ba9-fe63c712f27a"><testcase classname="tests.test_referral_email_prefs.TestAuthentication" name="test_login_success" time="0.569" /><testcase classname="tests.test_referral_email_prefs.TestReferralSystem" name="test_get_my_referral_stats" time="0.618" /><testcase classname="tests.test_referral_email_prefs.TestReferralSystem" name="test_get_my_referral_code" time="0.172" /><testcase classname="tests.test_referral_email_prefs.TestReferralSystem" name="test_get_my_invites" time="0.187" /><testcase classname="tests.test_referral_email_prefs.TestReferralSystem" name="test_get_credit_history" time="0.161" /><testcase classname="tests.test_referral_email_prefs.TestReferralSystem" name="test_send_referral_invite_validation" time="0.248" /><testcase classname="tests.test_referral_email_prefs.TestReferralSystem" name="test_send_referral_invite_existing_user" time="0.237" /><testcase classname="tests.test_referral_email_prefs.TestReferralSystem" name="test_redeem_credits_insufficient" time="0.135" /><testcase classname="tests.test_referral_email_prefs.TestReferralSystem" name="test_redeem_credits_invalid_product" time="0.302" /><testcase classname="tests.test_referral_email_prefs.TestEmailPreferences" name="test_get_email_preferences" time="0.511" /><testcase classname="tests.test_referral_email_prefs.TestEmailPreferences" name="test_update_category_preference" time="0.227" /><testcase classname="tests.test_referral_email_prefs.TestEmailPreferences" name="test_update_mandatory_category_fails" time="0.181" /><testcase classname="tests.test_referral_email_prefs.TestEmailPreferences" name="test_invalid_category" time="0.123" /><testcase classname="tests.test_referral_email_prefs.TestEmailPreferences" name="test_bulk_update_preferences" time="0.181" /><testcase classname="tests.test_referral_email_prefs.TestEmailPreferences" name="test_unsubscribe_all" time="0.119" /><testcase classname="tests.test_referral_email_prefs.TestEmailPreferences" name="test_resubscribe" time="0.136" /><testcase classname="tests.test_referral_email_prefs.TestEmailPreferences" name="test_reset_to_defaults" time="0.150" /><testcase classname="tests.test_referral_email_prefs.TestExtractedPages" name="test_about_page_api" time="0.125" /><testcase classname="tests.test_referral_email_prefs.TestExtractedPages" name="test_projects_page_api" time="0.232" /><testcase classname="tests.test_referral_email_prefs.TestExtractedPages" name="test_news_page_api" time="0.173" /><testcase classname="tests.test_referral_email_prefs.TestReferralUnauthorized" name="test_my_stats_unauthorized" time="0.191" /><testcase classname="tests.test_referral_email_prefs.TestReferralUnauthorized" name="test_my_code_unauthorized" time="0.178" /><testcase classname="tests.test_referral_email_prefs.TestReferralUnauthorized" name="test_email_prefs_unauthorized" time="0.212" /></testsuite></testsuites>