<?xml version="1.0" encoding="utf-8"?><testsuites name="pytest tests"><testsuite name="pytest" errors="0" failures="0" skipped="0" tests="11" time="2.254" timestamp="2026-02-09T08:33:25.682523+00:00" hostname="agent-env-781d7185-ef46-4ddf-bef5-0f56772e3791"><testcase classname="backend.tests.test_stripe_payments.TestPaymentPackages" name="test_get_packages_returns_200" time="0.088" /><testcase classname="backend.tests.test_stripe_payments.TestPaymentPackages" name="test_packages_have_required_fields" time="0.057" /><testcase classname="backend.tests.test_stripe_payments.TestPaymentPackages" name="test_packages_contain_expected_products" time="0.048" /><testcase classname="backend.tests.test_stripe_payments.TestPaymentPackages" name="test_survey360_monthly_price" time="0.061" /><testcase classname="backend.tests.test_stripe_payments.TestPaymentPackages" name="test_fieldforce_10seats_price" time="0.052" /><testcase classname="backend.tests.test_stripe_payments.TestCheckoutEndpoint" name="test_checkout_requires_valid_package_id" time="0.048" /><testcase classname="backend.tests.test_stripe_payments.TestCheckoutEndpoint" name="test_checkout_enterprise_package_returns_400" time="0.056" /><testcase classname="backend.tests.test_stripe_payments.TestCheckoutEndpoint" name="test_checkout_creates_session_for_valid_package" time="0.401" /><testcase classname="backend.tests.test_stripe_payments.TestCheckoutEndpoint" name="test_checkout_fieldforce_package" time="0.483" /><testcase classname="backend.tests.test_stripe_payments.TestPaymentStatus" name="test_payment_status_for_valid_session" time="0.644" /><testcase classname="backend.tests.test_stripe_payments.TestPaymentStatus" name="test_payment_status_invalid_session" time="0.240" /></testsuite></testsuites>