<?xml version="1.0" encoding="utf-8"?><testsuites name="pytest tests"><testsuite name="pytest" errors="0" failures="0" skipped="0" tests="17" time="3.832" timestamp="2026-02-18T12:13:02.298326+00:00" hostname="agent-env-e1be7b1b-518a-4e47-abbb-6e444fffccfc"><testcase classname="tests.test_dataviz_studio.TestDataVizAuthEndpoints" name="test_dataviz_login_endpoint_exists" time="0.194" /><testcase classname="tests.test_dataviz_studio.TestDataVizAuthEndpoints" name="test_dataviz_register_endpoint_exists" time="0.363" /><testcase classname="tests.test_dataviz_studio.TestDataVizAuthEndpoints" name="test_dataviz_register_returns_correct_data" time="0.368" /><testcase classname="tests.test_dataviz_studio.TestDataVizAuthEndpoints" name="test_dataviz_login_valid_credentials" time="0.667" /><testcase classname="tests.test_dataviz_studio.TestDataVizAuthEndpoints" name="test_dataviz_login_invalid_credentials" time="0.125" /><testcase classname="tests.test_dataviz_studio.TestDataVizAuthEndpoints" name="test_dataviz_me_endpoint_requires_auth" time="0.102" /><testcase classname="tests.test_dataviz_studio.TestDataVizAuthEndpoints" name="test_dataviz_me_endpoint_returns_user" time="0.451" /><testcase classname="tests.test_dataviz_studio.TestDataVizFrontendRoutes" name="test_dataviz_landing_page" time="0.118" /><testcase classname="tests.test_dataviz_studio.TestDataVizFrontendRoutes" name="test_dataviz_studio_landing_page" time="0.127" /><testcase classname="tests.test_dataviz_studio.TestDataVizFrontendRoutes" name="test_dataviz_login_page" time="0.123" /><testcase classname="tests.test_dataviz_studio.TestDataVizFrontendRoutes" name="test_dataviz_register_page" time="0.117" /><testcase classname="tests.test_dataviz_studio.TestOtherProductRoutes" name="test_solutions_hub_page" time="0.097" /><testcase classname="tests.test_dataviz_studio.TestOtherProductRoutes" name="test_survey360_landing" time="0.133" /><testcase classname="tests.test_dataviz_studio.TestOtherProductRoutes" name="test_fieldforce_landing" time="0.114" /><testcase classname="tests.test_dataviz_studio.TestOtherProductRoutes" name="test_datapulse_landing" time="0.123" /><testcase classname="tests.test_dataviz_studio.TestDataVizRegisterValidation" name="test_register_duplicate_email_rejected" time="0.429" /><testcase classname="tests.test_dataviz_studio.TestDataVizRegisterValidation" name="test_register_missing_fields_rejected" time="0.108" /></testsuite></testsuites>